Base path: C:/Program Files/Unity/Editor/Data
Cmd: initializeCompiler
Cmd: initializeCompiler
Cmd: initializeCompiler
Cmd: preprocessCompute
  insize=2297 outsize=2296 ok=1
Cmd: initializeCompiler
Cmd: preprocessCompute
  insize=2275 outsize=2274 ok=1
Cmd: compileComputeKernel
  api=4 insize=2274 outsize=5061 ok=1
Cmd: initializeCompiler
Cmd: initializeCompiler
Cmd: preprocessCompute
  insize=2275 outsize=2274 ok=1
Cmd: initializeCompiler
Cmd: preprocessCompute
  insize=2274 outsize=2273 ok=1
Cmd: initializeCompiler
Cmd: preprocessCompute
  insize=2274 outsize=2273 ok=1
Cmd: initializeCompiler
Cmd: preprocessCompute
  insize=2274 outsize=2273 ok=1
Cmd: initializeCompiler
Cmd: preprocessCompute
  insize=2275 outsize=2274 ok=1
Cmd: compileComputeKernel
  api=4 insize=2274 outsize=5061 ok=1
Cmd: initializeCompiler
Cmd: preprocessCompute
  insize=2291 outsize=2290 ok=1
Cmd: compileComputeKernel
  api=4 insize=2290 outsize=5061 ok=1
Cmd: initializeCompiler
Cmd: preprocessCompute
  insize=2367 outsize=2366 ok=1
Cmd: initializeCompiler
Cmd: preprocessCompute
  insize=2365 outsize=2364 ok=1
Cmd: initializeCompiler
Cmd: preprocessCompute
  insize=2291 outsize=2290 ok=1
Cmd: initializeCompiler
Cmd: preprocessCompute
  insize=2299 outsize=2298 ok=1
Cmd: initializeCompiler
Cmd: preprocessCompute
  insize=2298 outsize=2297 ok=1
Cmd: compileComputeKernel
  api=4 insize=2297 outsize=4981 ok=1
Cmd: initializeCompiler
Cmd: initializeCompiler
Cmd: initializeCompiler
Cmd: preprocessCompute
  insize=2297 outsize=2296 ok=1
Cmd: initializeCompiler
Cmd: preprocessCompute
  insize=2297 outsize=2296 ok=1
Cmd: initializeCompiler
Cmd: preprocessCompute
  insize=2297 outsize=2296 ok=1
Cmd: initializeCompiler
Cmd: preprocessCompute
  insize=2298 outsize=2297 ok=1
Cmd: compileComputeKernel
  api=4 insize=2297 outsize=4981 ok=1
Cmd: initializeCompiler
Cmd: preprocessCompute
  insize=2297 outsize=2296 ok=1
Cmd: compileComputeKernel
  api=4 insize=2296 outsize=4981 ok=1
Cmd: initializeCompiler
Cmd: preprocessCompute
  insize=2297 outsize=2296 ok=1
Cmd: initializeCompiler
Cmd: preprocessCompute
  insize=2247 outsize=2246 ok=1
Cmd: initializeCompiler
Cmd: preprocessCompute
  insize=2250 outsize=2249 ok=1
Cmd: initializeCompiler
Cmd: preprocessCompute
  insize=2251 outsize=2250 ok=1
Cmd: preprocessCompute
  insize=2248 outsize=2247 ok=1
Cmd: initializeCompiler
Cmd: preprocessCompute
  insize=2259 outsize=2258 ok=1
Cmd: initializeCompiler
Cmd: preprocessCompute
  insize=2254 outsize=2253 ok=1
Cmd: compileComputeKernel
  api=4 insize=2253 outsize=5057 ok=1
Cmd: initializeCompiler
Cmd: preprocessCompute
  insize=2243 outsize=2242 ok=1
Cmd: initializeCompiler
Cmd: preprocessCompute
  insize=2243 outsize=2242 ok=1
Cmd: initializeCompiler
Cmd: preprocessCompute
  insize=2243 outsize=2242 ok=1
Cmd: initializeCompiler
Cmd: preprocessCompute
  insize=2245 outsize=2244 ok=1
Cmd: compileComputeKernel
  api=4 insize=2244 outsize=4833 ok=1
Cmd: initializeCompiler
Cmd: preprocessCompute
  insize=2262 outsize=2261 ok=1
Cmd: initializeCompiler
Cmd: preprocessCompute
  insize=2262 outsize=2261 ok=1
Cmd: initializeCompiler
Cmd: preprocessCompute
  insize=2262 outsize=2261 ok=1
Cmd: compileComputeKernel
  api=4 insize=2261 outsize=4833 ok=1
Cmd: initializeCompiler
Cmd: preprocessCompute
  insize=2262 outsize=2261 ok=1
Cmd: compileComputeKernel
  api=4 insize=2261 outsize=4833 ok=1
Cmd: initializeCompiler
Cmd: preprocessCompute
  insize=2262 outsize=2261 ok=1
Cmd: initializeCompiler
Cmd: preprocessCompute
  insize=2260 outsize=2259 ok=1
Cmd: compileComputeKernel
  api=4 insize=2259 outsize=4889 ok=1
Cmd: initializeCompiler
Cmd: preprocessCompute
  insize=2261 outsize=2260 ok=1
Cmd: initializeCompiler
Cmd: preprocessCompute
  insize=2262 outsize=2261 ok=1
Cmd: initializeCompiler
Cmd: preprocessCompute
  insize=2264 outsize=2263 ok=1
Cmd: initializeCompiler
Cmd: preprocessCompute
  insize=2272 outsize=2271 ok=1
Cmd: initializeCompiler
Cmd: preprocessCompute
  insize=2270 outsize=2269 ok=1
Cmd: initializeCompiler
Cmd: preprocessCompute
  insize=2271 outsize=2270 ok=1
Cmd: initializeCompiler
Cmd: preprocessCompute
  insize=2272 outsize=2271 ok=1
Cmd: initializeCompiler
Cmd: preprocessCompute
  insize=2272 outsize=2271 ok=1
Cmd: initializeCompiler
Cmd: preprocessCompute
  insize=2271 outsize=2270 ok=1
Cmd: initializeCompiler
Cmd: preprocessCompute
  insize=2266 outsize=2265 ok=1
Cmd: initializeCompiler
Cmd: preprocessCompute
  insize=2265 outsize=2264 ok=1
Cmd: compileComputeKernel
  api=4 insize=2264 outsize=4889 ok=1
Cmd: initializeCompiler
Cmd: preprocessCompute
  insize=2265 outsize=2264 ok=1
Cmd: initializeCompiler
Cmd: preprocessCompute
  insize=2242 outsize=2241 ok=1
Cmd: preprocessCompute
  insize=2244 outsize=2243 ok=1
Cmd: initializeCompiler
Cmd: preprocessCompute
  insize=2243 outsize=2242 ok=1
Cmd: compileComputeKernel
  api=4 insize=2242 outsize=4885 ok=1
Cmd: initializeCompiler
Cmd: preprocessCompute
  insize=2233 outsize=2232 ok=1
Cmd: initializeCompiler
Cmd: preprocessCompute
  insize=2244 outsize=2243 ok=1
Cmd: initializeCompiler
Cmd: preprocessCompute
  insize=2244 outsize=2243 ok=1
Cmd: compileComputeKernel
  api=4 insize=2243 outsize=4885 ok=1
Cmd: initializeCompiler
Cmd: preprocessCompute
  insize=2243 outsize=2242 ok=1
Cmd: initializeCompiler
Cmd: preprocessCompute
  insize=2256 outsize=2255 ok=1
Cmd: initializeCompiler
Cmd: preprocessCompute
  insize=2252 outsize=2251 ok=1
Cmd: initializeCompiler
Cmd: preprocessCompute
  insize=2253 outsize=2252 ok=1
Cmd: initializeCompiler
Cmd: initializeCompiler
Cmd: preprocessCompute
  insize=2287 outsize=2286 ok=1
Cmd: initializeCompiler
Cmd: preprocessCompute
  insize=2287 outsize=2286 ok=1
Cmd: compileComputeKernel
  api=4 insize=2286 outsize=5053 ok=1
Cmd: initializeCompiler
Cmd: preprocessCompute
  insize=2237 outsize=2236 ok=1
Cmd: preprocess
  insize=1265 outsize=243 ok=1
Cmd: initializeCompiler
Cmd: preprocess
  insize=1263 outsize=243 ok=1
Cmd: initializeCompiler
Cmd: preprocess
  insize=1249 outsize=243 ok=1
Cmd: compileSnippet
  error: 1 plat 4 at (57): signed/unsigned mismatch, unsigned assumed\nCompiling Vertex program
Platform defines: UNITY_ENABLE_REFLECTION_BUFFERS UNITY_USE_DITHER_MASK_FOR_ALPHABLENDED_SHADOWS UNITY_PBS_USE_BRDF1 UNITY_SPECCUBE_BOX_PROJECTION UNITY_SPECCUBE_BLENDING UNITY_ENABLE_DETAIL_NORMALMAP SHADER_API_DESKTOP UNITY_COLORSPACE_GAMMA UNITY_LIGHT_PROBE_PROXY_VOLUME UNITY_LIGHTMAP_FULL_HDR
  api=4 type=0 insize=1444 outsize=650 kw= pd=UNITY_ENABLE_REFLECTION_BUFFERS UNITY_USE_DITHER_MASK_FOR_ALPHABLENDED_SHADOWS UNITY_PBS_USE_BRDF1 UNITY_SPECCUBE_BOX_PROJECTION UNITY_SPECCUBE_BLENDING UNITY_ENABLE_DETAIL_NORMALMAP SHADER_API_DESKTOP UNITY_COLORSPACE_GAMMA UNITY_LIGHT_PROBE_PROXY_VOLUME UNITY_LIGHTMAP_FULL_HDR ok=1
Cmd: compileSnippet
  error: 1 plat 4 at (57): signed/unsigned mismatch, unsigned assumed\nCompiling Fragment program
Platform defines: UNITY_ENABLE_REFLECTION_BUFFERS UNITY_USE_DITHER_MASK_FOR_ALPHABLENDED_SHADOWS UNITY_PBS_USE_BRDF1 UNITY_SPECCUBE_BOX_PROJECTION UNITY_SPECCUBE_BLENDING UNITY_ENABLE_DETAIL_NORMALMAP SHADER_API_DESKTOP UNITY_COLORSPACE_GAMMA UNITY_LIGHT_PROBE_PROXY_VOLUME UNITY_LIGHTMAP_FULL_HDR
  api=4 type=1 insize=1444 outsize=730 kw= pd=UNITY_ENABLE_REFLECTION_BUFFERS UNITY_USE_DITHER_MASK_FOR_ALPHABLENDED_SHADOWS UNITY_PBS_USE_BRDF1 UNITY_SPECCUBE_BOX_PROJECTION UNITY_SPECCUBE_BLENDING UNITY_ENABLE_DETAIL_NORMALMAP SHADER_API_DESKTOP UNITY_COLORSPACE_GAMMA UNITY_LIGHT_PROBE_PROXY_VOLUME UNITY_LIGHTMAP_FULL_HDR ok=1
Cmd: initializeCompiler
Cmd: preprocessCompute
  insize=2340 outsize=2339 ok=1
Cmd: initializeCompiler
Cmd: preprocessCompute
  insize=2237 outsize=2236 ok=1
Cmd: preprocess
  insize=1263 outsize=243 ok=1
Cmd: initializeCompiler
Cmd: preprocess
  insize=1260 outsize=243 ok=1
Cmd: compileSnippet
  error: 2 plat 4 at (54): incorrect number of arguments to numeric-type constructor\nCompiling Vertex program
Platform defines: UNITY_ENABLE_REFLECTION_BUFFERS UNITY_USE_DITHER_MASK_FOR_ALPHABLENDED_SHADOWS UNITY_PBS_USE_BRDF1 UNITY_SPECCUBE_BOX_PROJECTION UNITY_SPECCUBE_BLENDING UNITY_ENABLE_DETAIL_NORMALMAP SHADER_API_DESKTOP UNITY_COLORSPACE_GAMMA UNITY_LIGHT_PROBE_PROXY_VOLUME UNITY_LIGHTMAP_FULL_HDR
  api=4 type=0 insize=1455 outsize=0 kw= pd=UNITY_ENABLE_REFLECTION_BUFFERS UNITY_USE_DITHER_MASK_FOR_ALPHABLENDED_SHADOWS UNITY_PBS_USE_BRDF1 UNITY_SPECCUBE_BOX_PROJECTION UNITY_SPECCUBE_BLENDING UNITY_ENABLE_DETAIL_NORMALMAP SHADER_API_DESKTOP UNITY_COLORSPACE_GAMMA UNITY_LIGHT_PROBE_PROXY_VOLUME UNITY_LIGHTMAP_FULL_HDR ok=0
Cmd: compileSnippet
  error: 2 plat 4 at (54): incorrect number of arguments to numeric-type constructor\nCompiling Vertex program
Platform defines: UNITY_ENABLE_REFLECTION_BUFFERS UNITY_USE_DITHER_MASK_FOR_ALPHABLENDED_SHADOWS UNITY_PBS_USE_BRDF1 UNITY_SPECCUBE_BOX_PROJECTION UNITY_SPECCUBE_BLENDING UNITY_ENABLE_DETAIL_NORMALMAP SHADER_API_DESKTOP UNITY_COLORSPACE_GAMMA UNITY_LIGHT_PROBE_PROXY_VOLUME UNITY_LIGHTMAP_FULL_HDR
  api=4 type=0 insize=1455 outsize=0 kw= pd=UNITY_ENABLE_REFLECTION_BUFFERS UNITY_USE_DITHER_MASK_FOR_ALPHABLENDED_SHADOWS UNITY_PBS_USE_BRDF1 UNITY_SPECCUBE_BOX_PROJECTION UNITY_SPECCUBE_BLENDING UNITY_ENABLE_DETAIL_NORMALMAP SHADER_API_DESKTOP UNITY_COLORSPACE_GAMMA UNITY_LIGHT_PROBE_PROXY_VOLUME UNITY_LIGHTMAP_FULL_HDR ok=0
Cmd: compileSnippet
  error: 2 plat 4 at (54): incorrect number of arguments to numeric-type constructor\nCompiling Fragment program
Platform defines: UNITY_ENABLE_REFLECTION_BUFFERS UNITY_USE_DITHER_MASK_FOR_ALPHABLENDED_SHADOWS UNITY_PBS_USE_BRDF1 UNITY_SPECCUBE_BOX_PROJECTION UNITY_SPECCUBE_BLENDING UNITY_ENABLE_DETAIL_NORMALMAP SHADER_API_DESKTOP UNITY_COLORSPACE_GAMMA UNITY_LIGHT_PROBE_PROXY_VOLUME UNITY_LIGHTMAP_FULL_HDR
  api=4 type=1 insize=1455 outsize=0 kw= pd=UNITY_ENABLE_REFLECTION_BUFFERS UNITY_USE_DITHER_MASK_FOR_ALPHABLENDED_SHADOWS UNITY_PBS_USE_BRDF1 UNITY_SPECCUBE_BOX_PROJECTION UNITY_SPECCUBE_BLENDING UNITY_ENABLE_DETAIL_NORMALMAP SHADER_API_DESKTOP UNITY_COLORSPACE_GAMMA UNITY_LIGHT_PROBE_PROXY_VOLUME UNITY_LIGHTMAP_FULL_HDR ok=0
Cmd: initializeCompiler
Cmd: preprocess
  insize=1256 outsize=243 ok=1
Cmd: compileSnippet
  error: 2 plat 4 at (54): incorrect number of arguments to numeric-type constructor\nCompiling Vertex program
Platform defines: UNITY_ENABLE_REFLECTION_BUFFERS UNITY_USE_DITHER_MASK_FOR_ALPHABLENDED_SHADOWS UNITY_PBS_USE_BRDF1 UNITY_SPECCUBE_BOX_PROJECTION UNITY_SPECCUBE_BLENDING UNITY_ENABLE_DETAIL_NORMALMAP SHADER_API_DESKTOP UNITY_COLORSPACE_GAMMA UNITY_LIGHT_PROBE_PROXY_VOLUME UNITY_LIGHTMAP_FULL_HDR
  api=4 type=0 insize=1451 outsize=0 kw= pd=UNITY_ENABLE_REFLECTION_BUFFERS UNITY_USE_DITHER_MASK_FOR_ALPHABLENDED_SHADOWS UNITY_PBS_USE_BRDF1 UNITY_SPECCUBE_BOX_PROJECTION UNITY_SPECCUBE_BLENDING UNITY_ENABLE_DETAIL_NORMALMAP SHADER_API_DESKTOP UNITY_COLORSPACE_GAMMA UNITY_LIGHT_PROBE_PROXY_VOLUME UNITY_LIGHTMAP_FULL_HDR ok=0
Cmd: initializeCompiler
Cmd: compileSnippet
  error: 2 plat 4 at (54): incorrect number of arguments to numeric-type constructor\nCompiling Vertex program
Platform defines: UNITY_ENABLE_REFLECTION_BUFFERS UNITY_USE_DITHER_MASK_FOR_ALPHABLENDED_SHADOWS UNITY_PBS_USE_BRDF1 UNITY_SPECCUBE_BOX_PROJECTION UNITY_SPECCUBE_BLENDING UNITY_ENABLE_DETAIL_NORMALMAP SHADER_API_DESKTOP UNITY_COLORSPACE_GAMMA UNITY_LIGHT_PROBE_PROXY_VOLUME UNITY_LIGHTMAP_FULL_HDR
  api=4 type=0 insize=1451 outsize=0 kw= pd=UNITY_ENABLE_REFLECTION_BUFFERS UNITY_USE_DITHER_MASK_FOR_ALPHABLENDED_SHADOWS UNITY_PBS_USE_BRDF1 UNITY_SPECCUBE_BOX_PROJECTION UNITY_SPECCUBE_BLENDING UNITY_ENABLE_DETAIL_NORMALMAP SHADER_API_DESKTOP UNITY_COLORSPACE_GAMMA UNITY_LIGHT_PROBE_PROXY_VOLUME UNITY_LIGHTMAP_FULL_HDR ok=0
Cmd: compileSnippet
  error: 2 plat 4 at (54): incorrect number of arguments to numeric-type constructor\nCompiling Fragment program
Platform defines: UNITY_ENABLE_REFLECTION_BUFFERS UNITY_USE_DITHER_MASK_FOR_ALPHABLENDED_SHADOWS UNITY_PBS_USE_BRDF1 UNITY_SPECCUBE_BOX_PROJECTION UNITY_SPECCUBE_BLENDING UNITY_ENABLE_DETAIL_NORMALMAP SHADER_API_DESKTOP UNITY_COLORSPACE_GAMMA UNITY_LIGHT_PROBE_PROXY_VOLUME UNITY_LIGHTMAP_FULL_HDR
  api=4 type=1 insize=1451 outsize=0 kw= pd=UNITY_ENABLE_REFLECTION_BUFFERS UNITY_USE_DITHER_MASK_FOR_ALPHABLENDED_SHADOWS UNITY_PBS_USE_BRDF1 UNITY_SPECCUBE_BOX_PROJECTION UNITY_SPECCUBE_BLENDING UNITY_ENABLE_DETAIL_NORMALMAP SHADER_API_DESKTOP UNITY_COLORSPACE_GAMMA UNITY_LIGHT_PROBE_PROXY_VOLUME UNITY_LIGHTMAP_FULL_HDR ok=0
Cmd: preprocess
  insize=1248 outsize=243 ok=1
Cmd: compileSnippet
  error: 2 plat 4 at (54): incorrect number of arguments to numeric-type constructor\nCompiling Vertex program
Platform defines: UNITY_ENABLE_REFLECTION_BUFFERS UNITY_USE_DITHER_MASK_FOR_ALPHABLENDED_SHADOWS UNITY_PBS_USE_BRDF1 UNITY_SPECCUBE_BOX_PROJECTION UNITY_SPECCUBE_BLENDING UNITY_ENABLE_DETAIL_NORMALMAP SHADER_API_DESKTOP UNITY_COLORSPACE_GAMMA UNITY_LIGHT_PROBE_PROXY_VOLUME UNITY_LIGHTMAP_FULL_HDR
  api=4 type=0 insize=1443 outsize=0 kw= pd=UNITY_ENABLE_REFLECTION_BUFFERS UNITY_USE_DITHER_MASK_FOR_ALPHABLENDED_SHADOWS UNITY_PBS_USE_BRDF1 UNITY_SPECCUBE_BOX_PROJECTION UNITY_SPECCUBE_BLENDING UNITY_ENABLE_DETAIL_NORMALMAP SHADER_API_DESKTOP UNITY_COLORSPACE_GAMMA UNITY_LIGHT_PROBE_PROXY_VOLUME UNITY_LIGHTMAP_FULL_HDR ok=0
Cmd: initializeCompiler
Cmd: compileSnippet
  error: 2 plat 4 at (54): incorrect number of arguments to numeric-type constructor\nCompiling Vertex program
Platform defines: UNITY_ENABLE_REFLECTION_BUFFERS UNITY_USE_DITHER_MASK_FOR_ALPHABLENDED_SHADOWS UNITY_PBS_USE_BRDF1 UNITY_SPECCUBE_BOX_PROJECTION UNITY_SPECCUBE_BLENDING UNITY_ENABLE_DETAIL_NORMALMAP SHADER_API_DESKTOP UNITY_COLORSPACE_GAMMA UNITY_LIGHT_PROBE_PROXY_VOLUME UNITY_LIGHTMAP_FULL_HDR
  api=4 type=0 insize=1443 outsize=0 kw= pd=UNITY_ENABLE_REFLECTION_BUFFERS UNITY_USE_DITHER_MASK_FOR_ALPHABLENDED_SHADOWS UNITY_PBS_USE_BRDF1 UNITY_SPECCUBE_BOX_PROJECTION UNITY_SPECCUBE_BLENDING UNITY_ENABLE_DETAIL_NORMALMAP SHADER_API_DESKTOP UNITY_COLORSPACE_GAMMA UNITY_LIGHT_PROBE_PROXY_VOLUME UNITY_LIGHTMAP_FULL_HDR ok=0
Cmd: compileSnippet
  error: 2 plat 4 at (54): incorrect number of arguments to numeric-type constructor\nCompiling Fragment program
Platform defines: UNITY_ENABLE_REFLECTION_BUFFERS UNITY_USE_DITHER_MASK_FOR_ALPHABLENDED_SHADOWS UNITY_PBS_USE_BRDF1 UNITY_SPECCUBE_BOX_PROJECTION UNITY_SPECCUBE_BLENDING UNITY_ENABLE_DETAIL_NORMALMAP SHADER_API_DESKTOP UNITY_COLORSPACE_GAMMA UNITY_LIGHT_PROBE_PROXY_VOLUME UNITY_LIGHTMAP_FULL_HDR
  api=4 type=1 insize=1443 outsize=0 kw= pd=UNITY_ENABLE_REFLECTION_BUFFERS UNITY_USE_DITHER_MASK_FOR_ALPHABLENDED_SHADOWS UNITY_PBS_USE_BRDF1 UNITY_SPECCUBE_BOX_PROJECTION UNITY_SPECCUBE_BLENDING UNITY_ENABLE_DETAIL_NORMALMAP SHADER_API_DESKTOP UNITY_COLORSPACE_GAMMA UNITY_LIGHT_PROBE_PROXY_VOLUME UNITY_LIGHTMAP_FULL_HDR ok=0
Cmd: preprocess
  insize=1256 outsize=242 ok=1
Cmd: compileSnippet
  error: 1 plat 4 at (57): signed/unsigned mismatch, unsigned assumed\nCompiling Vertex program
Platform defines: UNITY_ENABLE_REFLECTION_BUFFERS UNITY_USE_DITHER_MASK_FOR_ALPHABLENDED_SHADOWS UNITY_PBS_USE_BRDF1 UNITY_SPECCUBE_BOX_PROJECTION UNITY_SPECCUBE_BLENDING UNITY_ENABLE_DETAIL_NORMALMAP SHADER_API_DESKTOP UNITY_COLORSPACE_GAMMA UNITY_LIGHT_PROBE_PROXY_VOLUME UNITY_LIGHTMAP_FULL_HDR
  api=4 type=0 insize=1451 outsize=650 kw= pd=UNITY_ENABLE_REFLECTION_BUFFERS UNITY_USE_DITHER_MASK_FOR_ALPHABLENDED_SHADOWS UNITY_PBS_USE_BRDF1 UNITY_SPECCUBE_BOX_PROJECTION UNITY_SPECCUBE_BLENDING UNITY_ENABLE_DETAIL_NORMALMAP SHADER_API_DESKTOP UNITY_COLORSPACE_GAMMA UNITY_LIGHT_PROBE_PROXY_VOLUME UNITY_LIGHTMAP_FULL_HDR ok=1
Cmd: compileSnippet
  error: 1 plat 4 at (57): signed/unsigned mismatch, unsigned assumed\nCompiling Fragment program
Platform defines: UNITY_ENABLE_REFLECTION_BUFFERS UNITY_USE_DITHER_MASK_FOR_ALPHABLENDED_SHADOWS UNITY_PBS_USE_BRDF1 UNITY_SPECCUBE_BOX_PROJECTION UNITY_SPECCUBE_BLENDING UNITY_ENABLE_DETAIL_NORMALMAP SHADER_API_DESKTOP UNITY_COLORSPACE_GAMMA UNITY_LIGHT_PROBE_PROXY_VOLUME UNITY_LIGHTMAP_FULL_HDR
  api=4 type=1 insize=1451 outsize=742 kw= pd=UNITY_ENABLE_REFLECTION_BUFFERS UNITY_USE_DITHER_MASK_FOR_ALPHABLENDED_SHADOWS UNITY_PBS_USE_BRDF1 UNITY_SPECCUBE_BOX_PROJECTION UNITY_SPECCUBE_BLENDING UNITY_ENABLE_DETAIL_NORMALMAP SHADER_API_DESKTOP UNITY_COLORSPACE_GAMMA UNITY_LIGHT_PROBE_PROXY_VOLUME UNITY_LIGHTMAP_FULL_HDR ok=1
Cmd: initializeCompiler
Cmd: preprocess
  insize=1267 outsize=243 ok=1
Cmd: compileSnippet
  error: 2 plat 4 at (54): incorrect number of arguments to numeric-type constructor\nCompiling Vertex program
Platform defines: UNITY_ENABLE_REFLECTION_BUFFERS UNITY_USE_DITHER_MASK_FOR_ALPHABLENDED_SHADOWS UNITY_PBS_USE_BRDF1 UNITY_SPECCUBE_BOX_PROJECTION UNITY_SPECCUBE_BLENDING UNITY_ENABLE_DETAIL_NORMALMAP SHADER_API_DESKTOP UNITY_COLORSPACE_GAMMA UNITY_LIGHT_PROBE_PROXY_VOLUME UNITY_LIGHTMAP_FULL_HDR
  api=4 type=0 insize=1462 outsize=0 kw= pd=UNITY_ENABLE_REFLECTION_BUFFERS UNITY_USE_DITHER_MASK_FOR_ALPHABLENDED_SHADOWS UNITY_PBS_USE_BRDF1 UNITY_SPECCUBE_BOX_PROJECTION UNITY_SPECCUBE_BLENDING UNITY_ENABLE_DETAIL_NORMALMAP SHADER_API_DESKTOP UNITY_COLORSPACE_GAMMA UNITY_LIGHT_PROBE_PROXY_VOLUME UNITY_LIGHTMAP_FULL_HDR ok=0
Cmd: preprocess
  insize=1263 outsize=243 ok=1
Cmd: initializeCompiler
Cmd: preprocessCompute
  insize=2239 outsize=2238 ok=1
Cmd: initializeCompiler
Cmd: preprocessCompute
  insize=2239 outsize=2238 ok=1
Cmd: initializeCompiler
Cmd: preprocessCompute
  insize=2237 outsize=2236 ok=1
Cmd: initializeCompiler
Cmd: preprocessCompute
  insize=2238 outsize=2237 ok=1
Cmd: initializeCompiler
Cmd: preprocessCompute
  insize=2272 outsize=2271 ok=1
Cmd: initializeCompiler
Cmd: preprocessCompute
  insize=2270 outsize=2269 ok=1
Cmd: initializeCompiler
Cmd: preprocessCompute
  insize=2269 outsize=2268 ok=1
Cmd: initializeCompiler
Cmd: preprocessCompute
  insize=2271 outsize=2270 ok=1
Cmd: initializeCompiler
Cmd: preprocessCompute
  insize=2244 outsize=2243 ok=1
Cmd: initializeCompiler
Cmd: preprocessCompute
  insize=2248 outsize=2247 ok=1
Cmd: initializeCompiler
Cmd: preprocessCompute
  insize=2248 outsize=2247 ok=1
Cmd: initializeCompiler
Cmd: initializeCompiler
Cmd: preprocessCompute
  insize=2191 outsize=2190 ok=1
Cmd: preprocess
  insize=1298 outsize=242 ok=1
Cmd: compileSnippet
  error: 1 plat 4 at (57): signed/unsigned mismatch, unsigned assumed\nCompiling Vertex program
Platform defines: UNITY_ENABLE_REFLECTION_BUFFERS UNITY_USE_DITHER_MASK_FOR_ALPHABLENDED_SHADOWS UNITY_PBS_USE_BRDF1 UNITY_SPECCUBE_BOX_PROJECTION UNITY_SPECCUBE_BLENDING UNITY_ENABLE_DETAIL_NORMALMAP SHADER_API_DESKTOP UNITY_COLORSPACE_GAMMA UNITY_LIGHT_PROBE_PROXY_VOLUME UNITY_LIGHTMAP_FULL_HDR
  api=4 type=0 insize=1493 outsize=650 kw= pd=UNITY_ENABLE_REFLECTION_BUFFERS UNITY_USE_DITHER_MASK_FOR_ALPHABLENDED_SHADOWS UNITY_PBS_USE_BRDF1 UNITY_SPECCUBE_BOX_PROJECTION UNITY_SPECCUBE_BLENDING UNITY_ENABLE_DETAIL_NORMALMAP SHADER_API_DESKTOP UNITY_COLORSPACE_GAMMA UNITY_LIGHT_PROBE_PROXY_VOLUME UNITY_LIGHTMAP_FULL_HDR ok=1
Cmd: compileSnippet
  error: 1 plat 4 at (57): signed/unsigned mismatch, unsigned assumed\nCompiling Fragment program
Platform defines: UNITY_ENABLE_REFLECTION_BUFFERS UNITY_USE_DITHER_MASK_FOR_ALPHABLENDED_SHADOWS UNITY_PBS_USE_BRDF1 UNITY_SPECCUBE_BOX_PROJECTION UNITY_SPECCUBE_BLENDING UNITY_ENABLE_DETAIL_NORMALMAP SHADER_API_DESKTOP UNITY_COLORSPACE_GAMMA UNITY_LIGHT_PROBE_PROXY_VOLUME UNITY_LIGHTMAP_FULL_HDR
  api=4 type=1 insize=1493 outsize=866 kw= pd=UNITY_ENABLE_REFLECTION_BUFFERS UNITY_USE_DITHER_MASK_FOR_ALPHABLENDED_SHADOWS UNITY_PBS_USE_BRDF1 UNITY_SPECCUBE_BOX_PROJECTION UNITY_SPECCUBE_BLENDING UNITY_ENABLE_DETAIL_NORMALMAP SHADER_API_DESKTOP UNITY_COLORSPACE_GAMMA UNITY_LIGHT_PROBE_PROXY_VOLUME UNITY_LIGHTMAP_FULL_HDR ok=1
Cmd: initializeCompiler
Cmd: initializeCompiler
Cmd: preprocessCompute
  insize=2196 outsize=2195 ok=1
Cmd: initializeCompiler
Cmd: preprocessCompute
  insize=2197 outsize=2196 ok=1
Cmd: initializeCompiler
Cmd: preprocessCompute
  insize=2197 outsize=2196 ok=1
Cmd: initializeCompiler
Cmd: preprocessCompute
  insize=2201 outsize=2200 ok=1
Cmd: compileComputeKernel
  api=4 insize=2200 outsize=4793 ok=1
Cmd: initializeCompiler
Cmd: preprocessCompute
  insize=2199 outsize=2198 ok=1
Cmd: compileComputeKernel
  api=4 insize=2198 outsize=4765 ok=1
Cmd: initializeCompiler
Cmd: preprocessCompute
  insize=2200 outsize=2199 ok=1
Cmd: initializeCompiler
Cmd: preprocessCompute
  insize=2200 outsize=2199 ok=1
Cmd: initializeCompiler
Cmd: preprocessCompute
  insize=2200 outsize=2199 ok=1
Cmd: compileComputeKernel
  api=4 insize=2199 outsize=4765 ok=1
Cmd: initializeCompiler
Cmd: preprocessCompute
  insize=2199 outsize=2198 ok=1
Cmd: initializeCompiler
Cmd: preprocessCompute
  insize=2201 outsize=2200 ok=1
Cmd: initializeCompiler
Cmd: initializeCompiler
Cmd: initializeCompiler
Cmd: preprocessCompute
  insize=2197 outsize=2196 ok=1
Cmd: initializeCompiler
Cmd: initializeCompiler
Cmd: preprocessCompute
  insize=2201 outsize=2200 ok=1
Cmd: initializeCompiler
Cmd: initializeCompiler
Cmd: initializeCompiler
Cmd: preprocessCompute
  insize=2199 outsize=2198 ok=1
Cmd: initializeCompiler
Cmd: preprocessCompute
  insize=2196 outsize=2195 ok=1
Cmd: compileComputeKernel
  api=4 insize=2195 outsize=4765 ok=1
Cmd: initializeCompiler
Cmd: initializeCompiler
Cmd: preprocessCompute
  insize=2199 outsize=2198 ok=1
Cmd: initializeCompiler
Cmd: preprocessCompute
  insize=2201 outsize=2200 ok=1
Cmd: initializeCompiler
Cmd: preprocessCompute
  insize=2197 outsize=2196 ok=1
Cmd: initializeCompiler
Cmd: preprocessCompute
  insize=2200 outsize=2199 ok=1
Cmd: initializeCompiler
Cmd: preprocessCompute
  insize=2200 outsize=2199 ok=1
Cmd: initializeCompiler
Cmd: preprocessCompute
  insize=2200 outsize=2199 ok=1
Cmd: initializeCompiler
Cmd: preprocessCompute
  insize=2200 outsize=2199 ok=1
Cmd: initializeCompiler
Cmd: initializeCompiler
Cmd: preprocessCompute
  insize=2199 outsize=2198 ok=1
Cmd: initializeCompiler
Cmd: preprocessCompute
  insize=2199 outsize=2198 ok=1
Cmd: initializeCompiler
Cmd: preprocessCompute
  insize=2199 outsize=2198 ok=1
Cmd: initializeCompiler
Cmd: preprocessCompute
  insize=2196 outsize=2195 ok=1
Cmd: initializeCompiler
Cmd: preprocess
  insize=1407 outsize=243 ok=1
Cmd: compileSnippet
  error: 1 plat 4 at (57): signed/unsigned mismatch, unsigned assumed\nCompiling Vertex program
Platform defines: UNITY_ENABLE_REFLECTION_BUFFERS UNITY_USE_DITHER_MASK_FOR_ALPHABLENDED_SHADOWS UNITY_PBS_USE_BRDF1 UNITY_SPECCUBE_BOX_PROJECTION UNITY_SPECCUBE_BLENDING UNITY_ENABLE_DETAIL_NORMALMAP SHADER_API_DESKTOP UNITY_COLORSPACE_GAMMA UNITY_LIGHT_PROBE_PROXY_VOLUME UNITY_LIGHTMAP_FULL_HDR
  api=4 type=0 insize=1602 outsize=650 kw= pd=UNITY_ENABLE_REFLECTION_BUFFERS UNITY_USE_DITHER_MASK_FOR_ALPHABLENDED_SHADOWS UNITY_PBS_USE_BRDF1 UNITY_SPECCUBE_BOX_PROJECTION UNITY_SPECCUBE_BLENDING UNITY_ENABLE_DETAIL_NORMALMAP SHADER_API_DESKTOP UNITY_COLORSPACE_GAMMA UNITY_LIGHT_PROBE_PROXY_VOLUME UNITY_LIGHTMAP_FULL_HDR ok=1
Cmd: compileSnippet
  error: 1 plat 4 at (57): signed/unsigned mismatch, unsigned assumed\nCompiling Fragment program
Platform defines: UNITY_ENABLE_REFLECTION_BUFFERS UNITY_USE_DITHER_MASK_FOR_ALPHABLENDED_SHADOWS UNITY_PBS_USE_BRDF1 UNITY_SPECCUBE_BOX_PROJECTION UNITY_SPECCUBE_BLENDING UNITY_ENABLE_DETAIL_NORMALMAP SHADER_API_DESKTOP UNITY_COLORSPACE_GAMMA UNITY_LIGHT_PROBE_PROXY_VOLUME UNITY_LIGHTMAP_FULL_HDR
  api=4 type=1 insize=1602 outsize=998 kw= pd=UNITY_ENABLE_REFLECTION_BUFFERS UNITY_USE_DITHER_MASK_FOR_ALPHABLENDED_SHADOWS UNITY_PBS_USE_BRDF1 UNITY_SPECCUBE_BOX_PROJECTION UNITY_SPECCUBE_BLENDING UNITY_ENABLE_DETAIL_NORMALMAP SHADER_API_DESKTOP UNITY_COLORSPACE_GAMMA UNITY_LIGHT_PROBE_PROXY_VOLUME UNITY_LIGHTMAP_FULL_HDR ok=1
Cmd: initializeCompiler
Cmd: preprocess
  insize=1294 outsize=243 ok=1
Cmd: compileSnippet
  error: 1 plat 4 at (57): signed/unsigned mismatch, unsigned assumed\nCompiling Vertex program
Platform defines: UNITY_ENABLE_REFLECTION_BUFFERS UNITY_USE_DITHER_MASK_FOR_ALPHABLENDED_SHADOWS UNITY_PBS_USE_BRDF1 UNITY_SPECCUBE_BOX_PROJECTION UNITY_SPECCUBE_BLENDING UNITY_ENABLE_DETAIL_NORMALMAP SHADER_API_DESKTOP UNITY_COLORSPACE_GAMMA UNITY_LIGHT_PROBE_PROXY_VOLUME UNITY_LIGHTMAP_FULL_HDR
  api=4 type=0 insize=1489 outsize=650 kw= pd=UNITY_ENABLE_REFLECTION_BUFFERS UNITY_USE_DITHER_MASK_FOR_ALPHABLENDED_SHADOWS UNITY_PBS_USE_BRDF1 UNITY_SPECCUBE_BOX_PROJECTION UNITY_SPECCUBE_BLENDING UNITY_ENABLE_DETAIL_NORMALMAP SHADER_API_DESKTOP UNITY_COLORSPACE_GAMMA UNITY_LIGHT_PROBE_PROXY_VOLUME UNITY_LIGHTMAP_FULL_HDR ok=1
Cmd: compileSnippet
  error: 1 plat 4 at (57): signed/unsigned mismatch, unsigned assumed\nCompiling Fragment program
Platform defines: UNITY_ENABLE_REFLECTION_BUFFERS UNITY_USE_DITHER_MASK_FOR_ALPHABLENDED_SHADOWS UNITY_PBS_USE_BRDF1 UNITY_SPECCUBE_BOX_PROJECTION UNITY_SPECCUBE_BLENDING UNITY_ENABLE_DETAIL_NORMALMAP SHADER_API_DESKTOP UNITY_COLORSPACE_GAMMA UNITY_LIGHT_PROBE_PROXY_VOLUME UNITY_LIGHTMAP_FULL_HDR
  api=4 type=1 insize=1489 outsize=866 kw= pd=UNITY_ENABLE_REFLECTION_BUFFERS UNITY_USE_DITHER_MASK_FOR_ALPHABLENDED_SHADOWS UNITY_PBS_USE_BRDF1 UNITY_SPECCUBE_BOX_PROJECTION UNITY_SPECCUBE_BLENDING UNITY_ENABLE_DETAIL_NORMALMAP SHADER_API_DESKTOP UNITY_COLORSPACE_GAMMA UNITY_LIGHT_PROBE_PROXY_VOLUME UNITY_LIGHTMAP_FULL_HDR ok=1
Cmd: initializeCompiler
Cmd: preprocess
  insize=1297 outsize=243 ok=1
Cmd: compileSnippet
  error: 1 plat 4 at (57): signed/unsigned mismatch, unsigned assumed\nCompiling Vertex program
Platform defines: UNITY_ENABLE_REFLECTION_BUFFERS UNITY_USE_DITHER_MASK_FOR_ALPHABLENDED_SHADOWS UNITY_PBS_USE_BRDF1 UNITY_SPECCUBE_BOX_PROJECTION UNITY_SPECCUBE_BLENDING UNITY_ENABLE_DETAIL_NORMALMAP SHADER_API_DESKTOP UNITY_COLORSPACE_GAMMA UNITY_LIGHT_PROBE_PROXY_VOLUME UNITY_LIGHTMAP_FULL_HDR
  api=4 type=0 insize=1492 outsize=650 kw= pd=UNITY_ENABLE_REFLECTION_BUFFERS UNITY_USE_DITHER_MASK_FOR_ALPHABLENDED_SHADOWS UNITY_PBS_USE_BRDF1 UNITY_SPECCUBE_BOX_PROJECTION UNITY_SPECCUBE_BLENDING UNITY_ENABLE_DETAIL_NORMALMAP SHADER_API_DESKTOP UNITY_COLORSPACE_GAMMA UNITY_LIGHT_PROBE_PROXY_VOLUME UNITY_LIGHTMAP_FULL_HDR ok=1
Cmd: compileSnippet
  error: 1 plat 4 at (57): signed/unsigned mismatch, unsigned assumed\nCompiling Fragment program
Platform defines: UNITY_ENABLE_REFLECTION_BUFFERS UNITY_USE_DITHER_MASK_FOR_ALPHABLENDED_SHADOWS UNITY_PBS_USE_BRDF1 UNITY_SPECCUBE_BOX_PROJECTION UNITY_SPECCUBE_BLENDING UNITY_ENABLE_DETAIL_NORMALMAP SHADER_API_DESKTOP UNITY_COLORSPACE_GAMMA UNITY_LIGHT_PROBE_PROXY_VOLUME UNITY_LIGHTMAP_FULL_HDR
  api=4 type=1 insize=1492 outsize=894 kw= pd=UNITY_ENABLE_REFLECTION_BUFFERS UNITY_USE_DITHER_MASK_FOR_ALPHABLENDED_SHADOWS UNITY_PBS_USE_BRDF1 UNITY_SPECCUBE_BOX_PROJECTION UNITY_SPECCUBE_BLENDING UNITY_ENABLE_DETAIL_NORMALMAP SHADER_API_DESKTOP UNITY_COLORSPACE_GAMMA UNITY_LIGHT_PROBE_PROXY_VOLUME UNITY_LIGHTMAP_FULL_HDR ok=1
Cmd: initializeCompiler
Cmd: preprocess
  insize=1294 outsize=243 ok=1
Cmd: initializeCompiler
Cmd: preprocessCompute
  insize=2191 outsize=2190 ok=1
Cmd: initializeCompiler
Cmd: preprocessCompute
  insize=2196 outsize=2195 ok=1
Cmd: compileComputeKernel
  api=4 insize=2195 outsize=4765 ok=1
Cmd: initializeCompiler
Cmd: preprocessCompute
  insize=2197 outsize=2196 ok=1
Cmd: initializeCompiler
Cmd: preprocessCompute
  insize=2196 outsize=2195 ok=1
Cmd: initializeCompiler
Cmd: preprocessCompute
  insize=2196 outsize=2195 ok=1
Cmd: initializeCompiler
Cmd: preprocessCompute
  insize=2196 outsize=2195 ok=1
Cmd: initializeCompiler
